\BOOKMARK [0][-]{chapter.1}{Introdução}{}% 1
\BOOKMARK [1][-]{section.1.1}{AS PRIMEIRAS MOLÉCULAS ORGÂNICAS}{chapter.1}% 2
\BOOKMARK [1][-]{section.1.2}{POR QUE CARBONO?}{chapter.1}% 3
\BOOKMARK [1][-]{section.1.3}{A QUÍMICA DO CARBONO E O PLANETA TERRA}{chapter.1}% 4
\BOOKMARK [0][-]{chapter.2}{Teoria Estrutural}{}% 5
\BOOKMARK [1][-]{section.2.1}{OS PRIMEIROS TEMPOS DA QUÍMICA ORGÂNICA}{chapter.2}% 6
\BOOKMARK [1][-]{section.2.2}{ANÁLISE QUÍMICA E FORMAS MOLECULARES}{chapter.2}% 7
\BOOKMARK [1][-]{section.2.3}{A TEORIA ESTRUTURAL DE KEKULÉ}{chapter.2}% 8
\BOOKMARK [1][-]{section.2.4}{A LIGAÇÃO COVALENTE}{chapter.2}% 9
\BOOKMARK [1][-]{section.2.5}{ESTRUTURA DO METANO}{chapter.2}% 10
\BOOKMARK [0][-]{chapter.3}{Os Alcanos}{}% 11
\BOOKMARK [1][-]{section.3.1}{ESTRUTURA E NOMENCLATURA}{chapter.3}% 12
\BOOKMARK [1][-]{section.3.2}{PETRÓLEO}{chapter.3}% 13
\BOOKMARK [1][-]{section.3.3}{COMPOSTOS ACÍCLICOS: ANÁLISE CONFORMACIONAL}{chapter.3}% 14
\BOOKMARK [1][-]{section.3.4}{CICLO-HEXANO: ANÁLISE CONFORMACIONAL}{chapter.3}% 15
\BOOKMARK [1][-]{section.3.5}{OUTROS HIDROCARBONETOS ALICÍCLICOS}{chapter.3}% 16
\BOOKMARK [0][-]{chapter.4}{Grupos Funcionais Formados por Ligações Simples}{}% 17
\BOOKMARK [1][-]{section.4.1}{ÁCIDOS E BASES: UMA REVISÃO}{chapter.4}% 18
\BOOKMARK [1][-]{section.4.2}{GRUPOS FUNCIONAIS}{chapter.4}% 19
\BOOKMARK [1][-]{section.4.3}{MAIS SOBRE HIBRIDAÇÃO}{chapter.4}% 20
\BOOKMARK [1][-]{section.4.4}{ESTRUTURAS MOLECULARES}{chapter.4}% 21
\BOOKMARK [1][-]{section.4.5}{HALOGENETOS DE ALQUILA}{chapter.4}% 22
\BOOKMARK [1][-]{section.4.6}{NOMENCLATURA DOS HALOGENETOS DE ALQUILA}{chapter.4}% 23
\BOOKMARK [1][-]{section.4.7}{PROPRIEDADES DE HALOGENETOS DE ALQUILA}{chapter.4}% 24
\BOOKMARK [1][-]{section.4.8}{COMPOSTOS OXIGENADOS}{chapter.4}% 25
\BOOKMARK [1][-]{section.4.9}{NOMENCLATURA DE ÁLCOOIS}{chapter.4}% 26
\BOOKMARK [1][-]{section.4.10}{PROPRIEDADES DOS ALCOÓIS}{chapter.4}% 27
\BOOKMARK [0][-]{chapter.5}{Espectroscopia de Ressonância Magnética Nuclear}{}% 28
\BOOKMARK [1][-]{section.5.1}{Identificação de compostos orgânicos}{chapter.5}% 29
\BOOKMARK [1][-]{section.5.2}{Orientação de um núcleo em um campo magnético externo}{chapter.5}% 30
\BOOKMARK [1][-]{section.5.3}{Blindagem dos núcleos de hidrogênio}{chapter.5}% 31
\BOOKMARK [1][-]{section.5.4}{O DESLOCAMOENTO QUÍMICO}{chapter.5}% 32
\BOOKMARK [1][-]{section.5.5}{ACOPLAMENTO SPIN-SPIN}{chapter.5}% 33
\BOOKMARK [0][-]{chapter.6}{Estereoquímica}{}% 34
\BOOKMARK [1][-]{section.6.1}{ATIVIDADE ÓTICA}{chapter.6}% 35
\BOOKMARK [1][-]{section.6.2}{ENANTIÔMEROS E MISTURAS RACÊMICAS}{chapter.6}% 36
\BOOKMARK [1][-]{section.6.3}{PROJEÇÕES DE FISCHER}{chapter.6}% 37
\BOOKMARK [0][-]{chapter.7}{sdfdsf}{}% 38
\BOOKMARK [0][-]{chapter.8}{Grupos Funcionais que Contêm Oxigênio Ligado Duplamente a um Átomo de Carbono: o Grupo Carbonila}{}% 39
\BOOKMARK [1][-]{section.8.1}{O GRUPO CARBONILA}{chapter.8}% 40
\BOOKMARK [1][-]{section.8.2}{ACIDEZ E BASICIDADE DE COMPOSTOS CARBONILADOS}{chapter.8}% 41
\BOOKMARK [1][-]{section.8.3}{TAUTOMERIA CETO-ENÓLICA}{chapter.8}% 42
\BOOKMARK [1][-]{section.8.4}{ALDEÍDOS E CETONAS}{chapter.8}% 43
\BOOKMARK [1][-]{section.8.5}{NOMENCLATURA DE ALDEÍDOS E CETONAS}{chapter.8}% 44
\BOOKMARK [1][-]{section.8.6}{PROPRIEDADES DE ALDEÍDOS E CETONAS}{chapter.8}% 45
\BOOKMARK [1][-]{section.8.7}{ESTRUTURA DOS ÁCIDOS CARBOXÍLICOS}{chapter.8}% 46
\BOOKMARK [1][-]{section.8.8}{NOMENCLATURA DOS ÁCIDOS CARBOXÍLICOS}{chapter.8}% 47
\BOOKMARK [1][-]{section.8.9}{PROPRIEDADES DOS ÁCIDOS CARBOXÍLICOS}{chapter.8}% 48
\BOOKMARK [1][-]{section.8.10}{ÉSTERES E LACTONAS}{chapter.8}% 49
\BOOKMARK [0][-]{chapter.9}{Espectroscopia no infravermelho}{}% 50
\BOOKMARK [1][-]{section.9.1}{ESPECTRO ELETROMAGNÉTICO}{chapter.9}% 51
\BOOKMARK [1][-]{section.9.2}{ESPECTROS NO INFRAVERMELHO}{chapter.9}% 52
\BOOKMARK [1][-]{section.9.3}{INTERPRETAÇÃO DOS ESPECTROS}{chapter.9}% 53
\BOOKMARK [1][-]{section.9.4}{EXEMPLOS DO USO DA ESPECTROSCOPIA NO INFRAVERMELHO}{chapter.9}% 54
